#
# A fatal error has been detected by the Java Runtime Environment:
#
#  SIGSEGV (0xb) at pc=0x00000001091379f8, pid=15437, tid=16643
#
# JRE version: Java(TM) SE Runtime Environment (7.0_60-b19) (build 1.7.0_60-b19)
# Java VM: Java HotSpot(TM) 64-Bit Server VM (24.60-b09 mixed mode bsd-amd64 compressed oops)
# Problematic frame:
# V  [libjvm.dylib+0x3379f8]  jvmti_IsMethodSynthetic+0xb9
#
# Failed to write core dump. Core dumps have been disabled. To enable core dumping, try "ulimit -c unlimited" before starting Java again
#
# If you would like to submit a bug report, please visit:
#   http://bugreport.sun.com/bugreport/crash.jsp
#

---------------  T H R E A D  ---------------

Current thread (0x00007ff8e3858000):  JavaThread "JDWP Transport Listener: dt_socket" daemon [_thread_in_vm, id=16643, stack(0x00000001149f4000,0x0000000114af4000)]

siginfo:si_signo=SIGSEGV: si_errno=0, si_code=0 (SEGV0), si_addr=0x0000000000000000

Registers:
RAX=0x0000000000000001, RBX=0x0000000114af3a8b, RCX=0x00000000000fc080, RDX=0x0000000114af3a8b
RSP=0x0000000114af39f0, RBP=0x0000000114af3a40, RSI=0x00007ff8e3858000, RDI=0x00007ff8e2f00150
R8 =0x0000000000000000, R9 =0x00007ff8e2d00000, R10=0x0000000000000010, R11=0x00007ff8e2d00000
R12=0x00007ff8e3858000, R13=0xe0000000000000c0, R14=0xe0000000000000c0, R15=0x00007ff8e2f00150
RIP=0x00000001091379f8, EFLAGS=0x0000000000010286, ERR=0x0000000000000000
  TRAPNO=0x000000000000000d

Top of Stack: (sp=0x0000000114af39f0)
0x0000000114af39f0:   00007ff8e3858000 0000000000000000
0x0000000114af3a00:   0000000000000000 0000000000000000
0x0000000114af3a10:   00007ff8e3858000 00007ff8e3858000
0x0000000114af3a20:   0000000114af3a8b 0000000114af3a90
0x0000000114af3a30:   e0000000000000c0 0000000000000009
0x0000000114af3a40:   0000000114af3a60 00000001085a61a8
0x0000000114af3a50:   0000000000000001 0000000114af3b08
0x0000000114af3a60:   0000000114af3ad0 000000010858afbb
0x0000000114af3a70:   0000000114af3aa0 00007ff8e2d4b3c0
0x0000000114af3a80:   0000000a00000032 0000000a00af3b08
0x0000000114af3a90:   0000000000000000 0000000000000000
0x0000000114af3aa0:   0000000000000000 0000000114af3c90
0x0000000114af3ab0:   00000001085addc2 00007ff8e2e20760
0x0000000114af3ac0:   0000000114af3b08 00000001085b9588
0x0000000114af3ad0:   0000000114af3ae0 000000010858b0b4
0x0000000114af3ae0:   0000000114af3d00 0000000108594642
0x0000000114af3af0:   00000aa200000013 00000000000f0200
0x0000000114af3b00:   00007ff8e2e217e0 00007ff8e2d4b510
0x0000000114af3b10:   00007ff800000158 00007ff8e2d4b670
0x0000000114af3b20:   00007ff80000012c 0000000114af3b58
0x0000000114af3b30:   00007ff8e2d4b670 00007f0000000000
0x0000000114af3b40:   00000aa20000000f 00007fff00008080
0x0000000114af3b50:   0000000114af3b58 f87f00000a000000
0x0000000114af3b60:   0c000000001be2e2 6e45343665736162
0x0000000114af3b70:   2600000065646f63 6c2f6176616a4c28
0x0000000114af3b80:   697274532f676e61 76616a4c293b676e
0x0000000114af3b90:   532f676e616c2f61 00003b676e697274
0x0000000114af3ba0:   0000020000000000 0000c81ae2e2f87f
0x0000000114af3bb0:   00006e69616d0400 76616a4c5b281600
0x0000000114af3bc0:   532f676e616c2f61 56293b676e697274
0x0000000114af3bd0:   0900000000000000 e01ae2e2f87f0000
0x0000000114af3be0:   636f72700b000000 0074736554737365 

Instructions: (pc=0x00000001091379f8)
0x00000001091379d8:   00 00 00 41 f6 87 68 01 00 00 10 75 07 b8 63 00
0x00000001091379e8:   00 00 eb 7a 4d 85 f6 75 07 b8 17 00 00 00 eb 6e
0x00000001091379f8:   4d 8b 36 48 b8 fe fe fe fe fe fe fe fe 49 39 c6
0x0000000109137a08:   74 e7 4d 85 f6 74 e2 48 8d 05 0a 48 4d 00 80 38 

Register to memory mapping:

RAX=0x0000000000000001 is an unknown value
RBX=0x0000000114af3a8b is pointing into the stack for thread: 0x00007ff8e3858000
RCX=0x00000000000fc080 is an unknown value
RDX=0x0000000114af3a8b is pointing into the stack for thread: 0x00007ff8e3858000
RSP=0x0000000114af39f0 is pointing into the stack for thread: 0x00007ff8e3858000
RBP=0x0000000114af3a40 is pointing into the stack for thread: 0x00007ff8e3858000
RSI=0x00007ff8e3858000 is a thread
RDI=0x00007ff8e2f00150 is an unknown value
R8 =0x0000000000000000 is an unknown value
R9 =0x00007ff8e2d00000 is an unknown value
R10=0x0000000000000010 is an unknown value
R11=0x00007ff8e2d00000 is an unknown value
R12=0x00007ff8e3858000 is a thread
R13=0xe0000000000000c0 is an unknown value
R14=0xe0000000000000c0 is an unknown value
R15=0x00007ff8e2f00150 is an unknown value


Stack: [0x00000001149f4000,0x0000000114af4000],  sp=0x0000000114af39f0,  free space=1022k
Native frames: (J=compiled Java code, j=interpreted, Vv=VM code, C=native code)
V  [libjvm.dylib+0x3379f8]  jvmti_IsMethodSynthetic+0xb9
C  [libjdwp.dylib+0x201a8]  isMethodSynthetic+0x63
C  [libjdwp.dylib+0x4fbb]  methods1+0x10b
C  [libjdwp.dylib+0x50b4]  methodsWithGeneric+0xe
C  [libjdwp.dylib+0xe642]  debugLoop_run+0x1ce
C  [libjdwp.dylib+0x1f0e2]  attachThread+0x4d
V  [libjvm.dylib+0x37861a]  JvmtiAgentThread::call_start_function()+0x38
V  [libjvm.dylib+0x4f5c11]  JavaThread::thread_main_inner()+0x9b
V  [libjvm.dylib+0x4f7319]  JavaThread::run()+0x1a3
V  [libjvm.dylib+0x420b4e]  java_start(Thread*)+0x126
C  [libsystem_pthread.dylib+0x32fc]  _pthread_body+0x83
C  [libsystem_pthread.dylib+0x3279]  _pthread_body+0x0
C  [libsystem_pthread.dylib+0x14b1]  thread_start+0xd


---------------  P R O C E S S  ---------------

Java Threads: ( => current thread )
  0x00007ff8e4034000 JavaThread "Service Thread" daemon [_thread_blocked, id=19203, stack(0x0000000114f03000,0x0000000115003000)]
  0x00007ff8e4033000 JavaThread "C2 CompilerThread1" daemon [_thread_blocked, id=18691, stack(0x0000000114e00000,0x0000000114f00000)]
  0x00007ff8e3017800 JavaThread "C2 CompilerThread0" daemon [_thread_blocked, id=18179, stack(0x0000000114cfd000,0x0000000114dfd000)]
  0x00007ff8e4026800 JavaThread "JDWP Command Reader" daemon [_thread_in_native, id=17667, stack(0x0000000114bfa000,0x0000000114cfa000)]
  0x00007ff8e3850000 JavaThread "JDWP Event Helper Thread" daemon [_thread_blocked, id=17155, stack(0x0000000114af7000,0x0000000114bf7000)]
=>0x00007ff8e3858000 JavaThread "JDWP Transport Listener: dt_socket" daemon [_thread_in_vm, id=16643, stack(0x00000001149f4000,0x0000000114af4000)]
  0x00007ff8e3853000 JavaThread "Signal Dispatcher" daemon [_thread_blocked, id=13331, stack(0x00000001148eb000,0x00000001149eb000)]
  0x00007ff8e3846000 JavaThread "Finalizer" daemon [_thread_blocked, id=11523, stack(0x0000000112faa000,0x00000001130aa000)]
  0x00007ff8e3845800 JavaThread "Reference Handler" daemon [_thread_blocked, id=11011, stack(0x0000000112ea7000,0x0000000112fa7000)]
  0x00007ff8e4001000 JavaThread "main" [_thread_blocked, id=4867, stack(0x0000000108446000,0x0000000108546000)]

Other Threads:
  0x00007ff8e3842800 VMThread [stack: 0x0000000112da4000,0x0000000112ea4000] [id=10499]
  0x00007ff8e4002000 WatcherThread [stack: 0x0000000115006000,0x0000000115106000] [id=19715]

VM state:not at safepoint (normal execution)

VM Mutex/Monitor currently owned by a thread: None

Heap
 PSYoungGen      total 38912K, used 2027K [0x00000007d5500000, 0x00000007d8000000, 0x0000000800000000)
  eden space 33792K, 6% used [0x00000007d5500000,0x00000007d56faf48,0x00000007d7600000)
  from space 5120K, 0% used [0x00000007d7b00000,0x00000007d7b00000,0x00000007d8000000)
  to   space 5120K, 0% used [0x00000007d7600000,0x00000007d7600000,0x00000007d7b00000)
 ParOldGen       total 87040K, used 0K [0x0000000780000000, 0x0000000785500000, 0x00000007d5500000)
  object space 87040K, 0% used [0x0000000780000000,0x0000000780000000,0x0000000785500000)
 PSPermGen       total 21504K, used 2779K [0x000000077ae00000, 0x000000077c300000, 0x0000000780000000)
  object space 21504K, 12% used [0x000000077ae00000,0x000000077b0b6ea8,0x000000077c300000)

Card table byte_map: [0x000000010c91f000,0x000000010cd49000] byte_map_base: 0x0000000108d48000

Polling page: 0x0000000108585000

Code Cache  [0x000000010985f000, 0x0000000109acf000, 0x000000010c85f000)
 total_blobs=179 nmethods=6 adapters=136 free_code_cache=48764Kb largest_free_block=49918016

Compilation events (10 events):
Event: 0.796 Thread 0x00007ff8e4033000    2             java.lang.String::indexOf (70 bytes)
Event: 0.797 Thread 0x00007ff8e3017800    3             java.lang.String::hashCode (55 bytes)
Event: 0.800 Thread 0x00007ff8e3017800 nmethod 3 0x00000001098c0a50 code [0x00000001098c0ba0, 0x00000001098c0d38]
Event: 0.800 Thread 0x00007ff8e3017800    4             sun.nio.cs.UTF_8$Encoder::encode (361 bytes)
Event: 0.805 Thread 0x00007ff8e4033000 nmethod 2 0x00000001098c05d0 code [0x00000001098c0720, 0x00000001098c0948]
Event: 0.805 Thread 0x00007ff8e4033000    5             java.lang.String::charAt (29 bytes)
Event: 0.807 Thread 0x00007ff8e4033000 nmethod 5 0x00000001098c0290 code [0x00000001098c03e0, 0x00000001098c04d8]
Event: 0.807 Thread 0x00007ff8e4033000    6             java.io.UnixFileSystem::normalize (75 bytes)
Event: 0.809 Thread 0x00007ff8e3017800 nmethod 4 0x00000001098bf550 code [0x00000001098bf6e0, 0x00000001098bfdc8]
Event: 0.811 Thread 0x00007ff8e4033000 nmethod 6 0x00000001098c1f90 code [0x00000001098c2100, 0x00000001098c23d8]

GC Heap History (0 events):
No events

Deoptimization events (0 events):
No events

Internal exceptions (2 events):
Event: 0.213 Thread 0x00007ff8e4001000 Threw 0x00000007d5510318 at /HUDSON/workspace/7u-2-build-macosx-x86_64/jdk7u60/1081/hotspot/src/share/vm/prims/jni.cpp:3991
Event: 0.797 Thread 0x00007ff8e4001000 Threw 0x00000007d5578f78 at /HUDSON/workspace/7u-2-build-macosx-x86_64/jdk7u60/1081/hotspot/src/share/vm/prims/jvm.cpp:1244

Events (10 events):
Event: 3647.331 Executing VM operation: ChangeBreakpoints
Event: 3647.331 Executing VM operation: ChangeBreakpoints done
Event: 3706.080 Executing VM operation: RedefineClasses
Event: 3706.080 Executing VM operation: RedefineClasses done
Event: 3706.087 Executing VM operation: ChangeBreakpoints
Event: 3706.087 Executing VM operation: ChangeBreakpoints done
Event: 3732.175 Executing VM operation: ChangeBreakpoints
Event: 3732.176 Executing VM operation: ChangeBreakpoints done
Event: 3732.178 Executing VM operation: RedefineClasses
Event: 3732.179 Executing VM operation: RedefineClasses done


Dynamic libraries:
0x0000000002a26000 	/System/Library/Frameworks/Cocoa.framework/Versions/A/Cocoa
0x0000000002a26000 	/System/Library/Frameworks/Security.framework/Versions/A/Security
0x0000000002a26000 	/System/Library/Frameworks/ApplicationServices.framework/Versions/A/ApplicationServices
0x0000000002a26000 	/usr/lib/libz.1.dylib
0x0000000002a26000 	/usr/lib/libSystem.B.dylib
0x0000000002a26000 	/usr/lib/libobjc.A.dylib
0x0000000002a26000 	/System/Library/Frameworks/CoreFoundation.framework/Versions/A/CoreFoundation
0x0000000002a26000 	/System/Library/Frameworks/Foundation.framework/Versions/C/Foundation
0x0000000002a26000 	/System/Library/Frameworks/AppKit.framework/Versions/C/AppKit
0x0000000002a26000 	/System/Library/Frameworks/CoreData.framework/Versions/A/CoreData
0x0000000002a26000 	/System/Library/PrivateFrameworks/RemoteViewServices.framework/Versions/A/RemoteViewServices
0x0000000002a26000 	/System/Library/PrivateFrameworks/UIFoundation.framework/Versions/A/UIFoundation
0x0000000002a26000 	/System/Library/Frameworks/IOSurface.framework/Versions/A/IOSurface
0x0000000002a26000 	/System/Library/Frameworks/AudioToolbox.framework/Versions/A/AudioToolbox
0x0000000002a26000 	/System/Library/Frameworks/AudioUnit.framework/Versions/A/AudioUnit
0x0000000002a26000 	/System/Library/PrivateFrameworks/DataDetectorsCore.framework/Versions/A/DataDetectorsCore
0x0000000002a26000 	/System/Library/PrivateFrameworks/DesktopServicesPriv.framework/Versions/A/DesktopServicesPriv
0x0000000002a26000 	/System/Library/Frameworks/Carbon.framework/Versions/A/Frameworks/HIToolbox.framework/Versions/A/HIToolbox
0x0000000002a26000 	/System/Library/Frameworks/QuartzCore.framework/Versions/A/QuartzCore
0x0000000002a26000 	/System/Library/Frameworks/Carbon.framework/Versions/A/Frameworks/SpeechRecognition.framework/Versions/A/SpeechRecognition
0x0000000002a26000 	/usr/lib/libauto.dylib
0x0000000002a26000 	/usr/lib/libicucore.A.dylib
0x0000000002a26000 	/usr/lib/libxml2.2.dylib
0x0000000002a26000 	/System/Library/PrivateFrameworks/CoreUI.framework/Versions/A/CoreUI
0x0000000002a26000 	/System/Library/Frameworks/CoreAudio.framework/Versions/A/CoreAudio
0x0000000002a26000 	/System/Library/Frameworks/DiskArbitration.framework/Versions/A/DiskArbitration
0x0000000002a26000 	/usr/lib/liblangid.dylib
0x0000000002a26000 	/System/Library/PrivateFrameworks/MultitouchSupport.framework/Versions/A/MultitouchSupport
0x0000000002a26000 	/System/Library/Frameworks/IOKit.framework/Versions/A/IOKit
0x0000000002a26000 	/usr/lib/libDiagnosticMessagesClient.dylib
0x0000000002a26000 	/System/Library/Frameworks/CoreServices.framework/Versions/A/CoreServices
0x0000000002a26000 	/System/Library/PrivateFrameworks/PerformanceAnalysis.framework/Versions/A/PerformanceAnalysis
0x0000000002a26000 	/System/Library/PrivateFrameworks/GenerationalStorage.framework/Versions/A/GenerationalStorage
0x0000000002a26000 	/System/Library/Frameworks/OpenGL.framework/Versions/A/OpenGL
0x0000000002a26000 	/System/Library/PrivateFrameworks/Sharing.framework/Versions/A/Sharing
0x0000000002a26000 	/System/Library/Frameworks/CoreGraphics.framework/Versions/A/CoreGraphics
0x0000000002a26000 	/System/Library/Frameworks/CoreText.framework/Versions/A/CoreText
0x0000000002a26000 	/System/Library/Frameworks/ImageIO.framework/Versions/A/ImageIO
0x0000000002a26000 	/usr/lib/libextension.dylib
0x0000000002a26000 	/System/Library/PrivateFrameworks/Backup.framework/Versions/A/Backup
0x0000000002a26000 	/usr/lib/libarchive.2.dylib
0x0000000002a26000 	/System/Library/Frameworks/CFNetwork.framework/Versions/A/CFNetwork
0x0000000002a26000 	/System/Library/Frameworks/SystemConfiguration.framework/Versions/A/SystemConfiguration
0x0000000002a26000 	/usr/lib/libCRFSuite.dylib
0x0000000002a26000 	/usr/lib/libc++.1.dylib
0x0000000002a26000 	/usr/lib/libc++abi.dylib
0x0000000002a26000 	/usr/lib/system/libcache.dylib
0x0000000002a26000 	/usr/lib/system/libcommonCrypto.dylib
0x0000000002a26000 	/usr/lib/system/libcompiler_rt.dylib
0x0000000002a26000 	/usr/lib/system/libcopyfile.dylib
0x0000000002a26000 	/usr/lib/system/libcorecrypto.dylib
0x0000000002a26000 	/usr/lib/system/libdispatch.dylib
0x0000000002a26000 	/usr/lib/system/libdyld.dylib
0x0000000002a26000 	/usr/lib/system/libkeymgr.dylib
0x0000000002a26000 	/usr/lib/system/liblaunch.dylib
0x0000000002a26000 	/usr/lib/system/libmacho.dylib
0x0000000002a26000 	/usr/lib/system/libquarantine.dylib
0x0000000002a26000 	/usr/lib/system/libremovefile.dylib
0x0000000002a26000 	/usr/lib/system/libsystem_asl.dylib
0x0000000002a26000 	/usr/lib/system/libsystem_blocks.dylib
0x0000000002a26000 	/usr/lib/system/libsystem_c.dylib
0x0000000002a26000 	/usr/lib/system/libsystem_configuration.dylib
0x0000000002a26000 	/usr/lib/system/libsystem_coreservices.dylib
0x0000000002a26000 	/usr/lib/system/libsystem_coretls.dylib
0x0000000002a26000 	/usr/lib/system/libsystem_dnssd.dylib
0x0000000002a26000 	/usr/lib/system/libsystem_info.dylib
0x0000000002a26000 	/usr/lib/system/libsystem_kernel.dylib
0x0000000002a26000 	/usr/lib/system/libsystem_m.dylib
0x0000000002a26000 	/usr/lib/system/libsystem_malloc.dylib
0x0000000002a26000 	/usr/lib/system/libsystem_network.dylib
0x0000000002a26000 	/usr/lib/system/libsystem_networkextension.dylib
0x0000000002a26000 	/usr/lib/system/libsystem_notify.dylib
0x0000000002a26000 	/usr/lib/system/libsystem_platform.dylib
0x0000000002a26000 	/usr/lib/system/libsystem_pthread.dylib
0x0000000002a26000 	/usr/lib/system/libsystem_sandbox.dylib
0x0000000002a26000 	/usr/lib/system/libsystem_secinit.dylib
0x0000000002a26000 	/usr/lib/system/libsystem_stats.dylib
0x0000000002a26000 	/usr/lib/system/libsystem_trace.dylib
0x0000000002a26000 	/usr/lib/system/libunc.dylib
0x0000000002a26000 	/usr/lib/system/libunwind.dylib
0x0000000002a26000 	/usr/lib/system/libxpc.dylib
0x0000000002a26000 	/usr/lib/libbz2.1.0.dylib
0x0000000002a26000 	/usr/lib/liblzma.5.dylib
0x0000000002a26000 	/usr/lib/libbsm.0.dylib
0x0000000002a26000 	/usr/lib/libsqlite3.dylib
0x0000000002a26000 	/usr/lib/system/libkxld.dylib
0x0000000002a26000 	/usr/lib/libxar.1.dylib
0x0000000002a26000 	/usr/lib/libpam.2.dylib
0x0000000002a26000 	/usr/lib/libOpenScriptingUtil.dylib
0x0000000002a26000 	/System/Library/Frameworks/CoreServices.framework/Versions/A/Frameworks/FSEvents.framework/Versions/A/FSEvents
0x0000000002a26000 	/System/Library/Frameworks/CoreServices.framework/Versions/A/Frameworks/CarbonCore.framework/Versions/A/CarbonCore
0x0000000002a26000 	/System/Library/Frameworks/CoreServices.framework/Versions/A/Frameworks/Metadata.framework/Versions/A/Metadata
0x0000000002a26000 	/System/Library/Frameworks/CoreServices.framework/Versions/A/Frameworks/OSServices.framework/Versions/A/OSServices
0x0000000002a26000 	/System/Library/Frameworks/CoreServices.framework/Versions/A/Frameworks/SearchKit.framework/Versions/A/SearchKit
0x0000000002a26000 	/System/Library/Frameworks/CoreServices.framework/Versions/A/Frameworks/AE.framework/Versions/A/AE
0x0000000002a26000 	/System/Library/Frameworks/CoreServices.framework/Versions/A/Frameworks/LaunchServices.framework/Versions/A/LaunchServices
0x0000000002a26000 	/System/Library/Frameworks/CoreServices.framework/Versions/A/Frameworks/DictionaryServices.framework/Versions/A/DictionaryServices
0x0000000002a26000 	/System/Library/Frameworks/NetFS.framework/Versions/A/NetFS
0x0000000002a26000 	/System/Library/PrivateFrameworks/NetAuth.framework/Versions/A/NetAuth
0x0000000002a26000 	/System/Library/PrivateFrameworks/login.framework/Versions/A/Frameworks/loginsupport.framework/Versions/A/loginsupport
0x0000000002a26000 	/System/Library/PrivateFrameworks/TCC.framework/Versions/A/TCC
0x0000000002a26000 	/usr/lib/libmecabra.dylib
0x0000000002a26000 	/System/Library/PrivateFrameworks/LanguageModeling.framework/Versions/A/LanguageModeling
0x0000000002a26000 	/usr/lib/libcmph.dylib
0x0000000002a26000 	/usr/lib/libiconv.2.dylib
0x0000000002a26000 	/System/Library/Frameworks/OpenDirectory.framework/Versions/A/Frameworks/CFOpenDirectory.framework/Versions/A/CFOpenDirectory
0x0000000002a26000 	/System/Library/Frameworks/ServiceManagement.framework/Versions/A/ServiceManagement
0x0000000002a26000 	/usr/lib/libxslt.1.dylib
0x0000000002a26000 	/System/Library/Frameworks/Carbon.framework/Versions/A/Frameworks/Ink.framework/Versions/A/Ink
0x0000000002a26000 	/System/Library/Frameworks/ApplicationServices.framework/Versions/A/Frameworks/ATS.framework/Versions/A/ATS
0x0000000002a26000 	/System/Library/Frameworks/ApplicationServices.framework/Versions/A/Frameworks/ColorSync.framework/Versions/A/ColorSync
0x0000000002a26000 	/System/Library/Frameworks/ApplicationServices.framework/Versions/A/Frameworks/HIServices.framework/Versions/A/HIServices
0x0000000002a26000 	/System/Library/Frameworks/ApplicationServices.framework/Versions/A/Frameworks/LangAnalysis.framework/Versions/A/LangAnalysis
0x0000000002a26000 	/System/Library/Frameworks/ApplicationServices.framework/Versions/A/Frameworks/PrintCore.framework/Versions/A/PrintCore
0x0000000002a26000 	/System/Library/Frameworks/ApplicationServices.framework/Versions/A/Frameworks/QD.framework/Versions/A/QD
0x0000000002a26000 	/System/Library/Frameworks/ApplicationServices.framework/Versions/A/Frameworks/SpeechSynthesis.framework/Versions/A/SpeechSynthesis
0x0000000002a26000 	/System/Library/Frameworks/Accelerate.framework/Versions/A/Accelerate
0x0000000002a26000 	/System/Library/Frameworks/Accelerate.framework/Versions/A/Frameworks/vImage.framework/Versions/A/vImage
0x0000000002a26000 	/System/Library/Frameworks/Accelerate.framework/Versions/A/Frameworks/vecLib.framework/Versions/A/vecLib
0x0000000002a26000 	/System/Library/Frameworks/Accelerate.framework/Versions/A/Frameworks/vecLib.framework/Versions/A/libvDSP.dylib
0x0000000002a26000 	/System/Library/Frameworks/Accelerate.framework/Versions/A/Frameworks/vecLib.framework/Versions/A/libvMisc.dylib
0x0000000002a26000 	/System/Library/Frameworks/Accelerate.framework/Versions/A/Frameworks/vecLib.framework/Versions/A/libLAPACK.dylib
0x0000000002a26000 	/System/Library/Frameworks/Accelerate.framework/Versions/A/Frameworks/vecLib.framework/Versions/A/libBLAS.dylib
0x0000000002a26000 	/System/Library/Frameworks/Accelerate.framework/Versions/A/Frameworks/vecLib.framework/Versions/A/libLinearAlgebra.dylib
0x0000000002a26000 	/System/Library/Frameworks/ApplicationServices.framework/Versions/A/Frameworks/ATS.framework/Versions/A/Resources/libFontParser.dylib
0x0000000002a26000 	/System/Library/Frameworks/ApplicationServices.framework/Versions/A/Frameworks/ATS.framework/Versions/A/Resources/libFontRegistry.dylib
0x0000000002a26000 	/System/Library/PrivateFrameworks/AppleVPA.framework/Versions/A/AppleVPA
0x0000000002a26000 	/System/Library/PrivateFrameworks/AppleJPEG.framework/Versions/A/AppleJPEG
0x0000000002a26000 	/System/Library/Frameworks/ImageIO.framework/Versions/A/Resources/libJPEG.dylib
0x0000000002a26000 	/System/Library/Frameworks/ImageIO.framework/Versions/A/Resources/libTIFF.dylib
0x0000000002a26000 	/System/Library/Frameworks/ImageIO.framework/Versions/A/Resources/libPng.dylib
0x0000000002a26000 	/System/Library/Frameworks/ImageIO.framework/Versions/A/Resources/libGIF.dylib
0x0000000002a26000 	/System/Library/Frameworks/ImageIO.framework/Versions/A/Resources/libJP2.dylib
0x0000000002a26000 	/System/Library/Frameworks/ImageIO.framework/Versions/A/Resources/libRadiance.dylib
0x0000000002a26000 	/System/Library/Frameworks/CoreVideo.framework/Versions/A/CoreVideo
0x0000000002a26000 	/System/Library/Frameworks/OpenGL.framework/Versions/A/Libraries/libGLU.dylib
0x0000000002a26000 	/System/Library/Frameworks/OpenGL.framework/Versions/A/Libraries/libGFXShared.dylib
0x0000000002a26000 	/System/Library/Frameworks/OpenGL.framework/Versions/A/Libraries/libGL.dylib
0x0000000002a26000 	/System/Library/Frameworks/OpenGL.framework/Versions/A/Libraries/libGLImage.dylib
0x0000000002a26000 	/System/Library/Frameworks/OpenGL.framework/Versions/A/Libraries/libCVMSPluginSupport.dylib
0x0000000002a26000 	/System/Library/Frameworks/OpenGL.framework/Versions/A/Libraries/libCoreVMClient.dylib
0x0000000002a26000 	/usr/lib/libcups.2.dylib
0x0000000002a26000 	/System/Library/Frameworks/Kerberos.framework/Versions/A/Kerberos
0x0000000002a26000 	/System/Library/Frameworks/GSS.framework/Versions/A/GSS
0x0000000002a26000 	/usr/lib/libresolv.9.dylib
0x0000000002a26000 	/System/Library/PrivateFrameworks/Heimdal.framework/Versions/A/Heimdal
0x0000000002a26000 	/usr/lib/libheimdal-asn1.dylib
0x0000000002a26000 	/System/Library/Frameworks/OpenDirectory.framework/Versions/A/OpenDirectory
0x0000000002a26000 	/System/Library/PrivateFrameworks/CommonAuth.framework/Versions/A/CommonAuth
0x0000000002a26000 	/System/Library/Frameworks/SecurityFoundation.framework/Versions/A/SecurityFoundation
0x0000000002a26000 	/System/Library/Frameworks/QuartzCore.framework/Versions/A/Frameworks/CoreImage.framework/Versions/A/CoreImage
0x0000000002a26000 	/System/Library/PrivateFrameworks/CrashReporterSupport.framework/Versions/A/CrashReporterSupport
0x0000000002a26000 	/System/Library/Frameworks/OpenCL.framework/Versions/A/OpenCL
0x0000000002a26000 	/System/Library/PrivateFrameworks/FaceCore.framework/Versions/A/FaceCore
0x0000000002a26000 	/System/Library/PrivateFrameworks/Ubiquity.framework/Versions/A/Ubiquity
0x0000000002a26000 	/System/Library/PrivateFrameworks/IconServices.framework/Versions/A/IconServices
0x0000000002a26000 	/System/Library/PrivateFrameworks/ChunkingLibrary.framework/Versions/A/ChunkingLibrary
0x0000000002a26000 	/System/Library/PrivateFrameworks/Apple80211.framework/Versions/A/Apple80211
0x0000000002a26000 	/System/Library/Frameworks/CoreWLAN.framework/Versions/A/CoreWLAN
0x0000000002a26000 	/System/Library/Frameworks/IOBluetooth.framework/Versions/A/IOBluetooth
0x0000000002a26000 	/System/Library/PrivateFrameworks/CoreWiFi.framework/Versions/A/CoreWiFi
0x0000000002a26000 	/System/Library/Frameworks/CoreBluetooth.framework/Versions/A/CoreBluetooth
0x0000000002a26000 	/System/Library/PrivateFrameworks/DebugSymbols.framework/Versions/A/DebugSymbols
0x0000000002a26000 	/System/Library/PrivateFrameworks/CoreSymbolication.framework/Versions/A/CoreSymbolication
0x0000000002a26000 	/System/Library/PrivateFrameworks/Symbolication.framework/Versions/A/Symbolication
0x0000000002a26000 	/System/Library/PrivateFrameworks/SpeechRecognitionCore.framework/Versions/A/SpeechRecognitionCore
0x0000000108368000 	/System/Library/CoreServices/Encodings/libSimplifiedChineseConverter.dylib
0x0000000108e00000 	/Library/Java/JavaVirtualMachines/jdk1.7.0_60.jdk/Contents/Home/jre/lib/server/libjvm.dylib
0x0000000002a26000 	/usr/lib/libstdc++.6.dylib
0x0000000108548000 	/Library/Java/JavaVirtualMachines/jdk1.7.0_60.jdk/Contents/Home/jre/lib/libverify.dylib
0x0000000108555000 	/Library/Java/JavaVirtualMachines/jdk1.7.0_60.jdk/Contents/Home/jre/lib/libjava.dylib
0x0000000108586000 	/Library/Java/JavaVirtualMachines/jdk1.7.0_60.jdk/Contents/Home/jre/lib/libjdwp.dylib
0x00000001085c3000 	/Library/Java/JavaVirtualMachines/jdk1.7.0_60.jdk/Contents/Home/jre/lib/libnpt.dylib
0x00000001085d0000 	/Library/Java/JavaVirtualMachines/jdk1.7.0_60.jdk/Contents/Home/jre/lib/libzip.dylib
0x00000001130ac000 	/System/Library/Frameworks/JavaVM.framework/Frameworks/JavaRuntimeSupport.framework/JavaRuntimeSupport
0x00000001130c2000 	/System/Library/Frameworks/JavaVM.framework/Versions/A/Frameworks/JavaNativeFoundation.framework/Versions/A/JavaNativeFoundation
0x00000001130d6000 	/System/Library/Frameworks/JavaVM.framework/Versions/A/JavaVM
0x0000000002a26000 	/System/Library/Frameworks/Carbon.framework/Versions/A/Carbon
0x00000001130e2000 	/System/Library/PrivateFrameworks/JavaLaunching.framework/Versions/A/JavaLaunching
0x0000000002a26000 	/System/Library/Frameworks/Carbon.framework/Versions/A/Frameworks/CommonPanels.framework/Versions/A/CommonPanels
0x0000000002a26000 	/System/Library/Frameworks/Carbon.framework/Versions/A/Frameworks/Help.framework/Versions/A/Help
0x0000000002a26000 	/System/Library/Frameworks/Carbon.framework/Versions/A/Frameworks/ImageCapture.framework/Versions/A/ImageCapture
0x0000000002a26000 	/System/Library/Frameworks/Carbon.framework/Versions/A/Frameworks/OpenScripting.framework/Versions/A/OpenScripting
0x0000000002a26000 	/System/Library/Frameworks/Carbon.framework/Versions/A/Frameworks/Print.framework/Versions/A/Print
0x0000000002a26000 	/System/Library/Frameworks/Carbon.framework/Versions/A/Frameworks/SecurityHI.framework/Versions/A/SecurityHI
0x00000001149ed000 	/Library/Java/JavaVirtualMachines/jdk1.7.0_60.jdk/Contents/Home/jre/lib/libdt_socket.dylib

VM Arguments:
jvm_args: -agentlib:jdwp=transport=dt_socket,address=127.0.0.1:63129,suspend=y,server=n -Dfile.encoding=UTF-8 
java_command: com.virgil.test.Test
Launcher Type: SUN_STANDARD

Environment Variables:
PATH=/opt/local/bin:/opt/local/sbin:/usr/local/bin:/usr/bin:/bin:/usr/sbin:/sbin:/Users/liuwujing/Documents/DEV/sdk/platform-tools:/Users/liuwujing/Documents/DEV/sdk/tools:/Users/liuwujing/Documents/DEV/sdk:/Applications/XAMPP/xamppfiles/bin
SHELL=/bin/bash

Signal Handlers:
SIGSEGV: [libjvm.dylib+0x52b7b1], sa_mask[0]=0xfffefeff, sa_flags=0x00000043
SIGBUS: [libjvm.dylib+0x52b7b1], sa_mask[0]=0xfffefeff, sa_flags=0x00000042
SIGFPE: [libjvm.dylib+0x41e28a], sa_mask[0]=0xfffefeff, sa_flags=0x00000042
SIGPIPE: [libjvm.dylib+0x41e28a], sa_mask[0]=0xfffefeff, sa_flags=0x00000042
SIGXFSZ: [libjvm.dylib+0x41e28a], sa_mask[0]=0xfffefeff, sa_flags=0x00000042
SIGILL: [libjvm.dylib+0x41e28a], sa_mask[0]=0xfffefeff, sa_flags=0x00000042
SIGUSR1: SIG_DFL, sa_mask[0]=0x00000000, sa_flags=0x00000000
SIGUSR2: [libjvm.dylib+0x41dd7c], sa_mask[0]=0x00000004, sa_flags=0x00000042
SIGHUP: [libjvm.dylib+0x41c00b], sa_mask[0]=0xfffefeff, sa_flags=0x00000042
SIGINT: [libjvm.dylib+0x41c00b], sa_mask[0]=0xfffefeff, sa_flags=0x00000042
SIGTERM: [libjvm.dylib+0x41c00b], sa_mask[0]=0xfffefeff, sa_flags=0x00000042
SIGQUIT: [libjvm.dylib+0x41c00b], sa_mask[0]=0xfffefeff, sa_flags=0x00000042


---------------  S Y S T E M  ---------------

OS:Bsduname:Darwin 14.0.0 Darwin Kernel Version 14.0.0: Fri Sep 19 00:26:44 PDT 2014; root:xnu-2782.1.97~2/RELEASE_X86_64 x86_64
rlimit: STACK 8192k, CORE 0k, NPROC 709, NOFILE 10240, AS infinity
load average:3.83 2.97 2.84

CPU:total 4 (4 cores per cpu, 1 threads per core) family 6 model 42 stepping 7, cmov, cx8, fxsr, mmx, sse, sse2, sse3, ssse3, sse4.1, sse4.2, popcnt, avx, aes, tsc, tscinvbit

Memory: 4k page, physical 8388608k(2097152k free)

/proc/meminfo:


vm_info: Java HotSpot(TM) 64-Bit Server VM (24.60-b09) for bsd-amd64 JRE (1.7.0_60-b19), built on May  7 2014 12:52:25 by "java_re" with gcc 4.2.1 (Based on Apple Inc. build 5658) (LLVM build 2336.11.00)

time: Wed Dec 10 16:26:09 2014
elapsed time: 3732 seconds

